<?xml version="1.0" encoding="UTF-8"?>
<coverage generated="1761155937389" clover="3.2.0">
  <project timestamp="1761155937389" name="All files">
    <metrics statements="75" coveredstatements="75" conditionals="26" coveredconditionals="25" methods="25" coveredmethods="25" elements="126" coveredelements="125" complexity="0" loc="75" ncloc="75" packages="3" files="8" classes="8"/>
    <package name="components">
      <metrics statements="25" coveredstatements="25" conditionals="9" coveredconditionals="9" methods="10" coveredmethods="10"/>
      <file name="Footer.js" path="C:\Users\dz28l\Documents\GitHub\CS4218\cs4218-2510-ecom-project-team014\client\src\components\Footer.js">
        <metrics statements="2" coveredstatements="2" conditionals="0" coveredconditionals="0" methods="1" coveredmethods="1"/>
        <line num="4" count="6" type="stmt"/>
        <line num="5" count="31" type="stmt"/>
      </file>
      <file name="Header.js" path="C:\Users\dz28l\Documents\GitHub\CS4218\cs4218-2510-ecom-project-team014\client\src\components\Header.js">
        <metrics statements="10" coveredstatements="10" conditionals="6" coveredconditionals="6" methods="3" coveredmethods="3"/>
        <line num="10" count="6" type="stmt"/>
        <line num="11" count="36" type="stmt"/>
        <line num="12" count="36" type="stmt"/>
        <line num="13" count="36" type="stmt"/>
        <line num="14" count="36" type="stmt"/>
        <line num="15" count="1" type="stmt"/>
        <line num="20" count="1" type="stmt"/>
        <line num="21" count="1" type="stmt"/>
        <line num="23" count="36" type="stmt"/>
        <line num="64" count="2" type="cond" truecount="2" falsecount="0"/>
      </file>
      <file name="Layout.js" path="C:\Users\dz28l\Documents\GitHub\CS4218\cs4218-2510-ecom-project-team014\client\src\components\Layout.js">
        <metrics statements="3" coveredstatements="3" conditionals="0" coveredconditionals="0" methods="1" coveredmethods="1"/>
        <line num="8" count="6" type="stmt"/>
        <line num="9" count="31" type="stmt"/>
        <line num="28" count="6" type="stmt"/>
      </file>
      <file name="Spinner.js" path="C:\Users\dz28l\Documents\GitHub\CS4218\cs4218-2510-ecom-project-team014\client\src\components\Spinner.js">
        <metrics statements="10" coveredstatements="10" conditionals="3" coveredconditionals="3" methods="5" coveredmethods="5"/>
        <line num="3" count="1" type="cond" truecount="1" falsecount="0"/>
        <line num="4" count="5" type="stmt"/>
        <line num="5" count="5" type="stmt"/>
        <line num="6" count="5" type="stmt"/>
        <line num="8" count="5" type="stmt"/>
        <line num="9" count="5" type="stmt"/>
        <line num="10" count="6" type="stmt"/>
        <line num="12" count="5" type="cond" truecount="2" falsecount="0"/>
        <line num="15" count="5" type="stmt"/>
        <line num="17" count="5" type="stmt"/>
      </file>
    </package>
    <package name="pages">
      <metrics statements="4" coveredstatements="4" conditionals="0" coveredconditionals="0" methods="2" coveredmethods="2"/>
      <file name="About.js" path="C:\Users\dz28l\Documents\GitHub\CS4218\cs4218-2510-ecom-project-team014\client\src\pages\About.js">
        <metrics statements="2" coveredstatements="2" conditionals="0" coveredconditionals="0" methods="1" coveredmethods="1"/>
        <line num="4" count="1" type="stmt"/>
        <line num="5" count="1" type="stmt"/>
      </file>
      <file name="Pagenotfound.js" path="C:\Users\dz28l\Documents\GitHub\CS4218\cs4218-2510-ecom-project-team014\client\src\pages\Pagenotfound.js">
        <metrics statements="2" coveredstatements="2" conditionals="0" coveredconditionals="0" methods="1" coveredmethods="1"/>
        <line num="5" count="1" type="stmt"/>
        <line num="6" count="1" type="stmt"/>
      </file>
    </package>
    <package name="pages.user">
      <metrics statements="46" coveredstatements="46" conditionals="17" coveredconditionals="16" methods="13" coveredmethods="13"/>
      <file name="Orders.js" path="C:\Users\dz28l\Documents\GitHub\CS4218\cs4218-2510-ecom-project-team014\client\src\pages\user\Orders.js">
        <metrics statements="13" coveredstatements="13" conditionals="8" coveredconditionals="8" methods="5" coveredmethods="5"/>
        <line num="8" count="1" type="stmt"/>
        <line num="9" count="10" type="stmt"/>
        <line num="10" count="10" type="stmt"/>
        <line num="11" count="10" type="stmt"/>
        <line num="12" count="5" type="stmt"/>
        <line num="13" count="5" type="stmt"/>
        <line num="14" count="4" type="stmt"/>
        <line num="16" count="1" type="stmt"/>
        <line num="20" count="10" type="stmt"/>
        <line num="21" count="7" type="cond" truecount="2" falsecount="0"/>
        <line num="23" count="10" type="stmt"/>
        <line num="33" count="3" type="stmt"/>
        <line num="59" count="2" type="cond" truecount="2" falsecount="0"/>
      </file>
      <file name="Profile.js" path="C:\Users\dz28l\Documents\GitHub\CS4218\cs4218-2510-ecom-project-team014\client\src\pages\user\Profile.js">
        <metrics statements="33" coveredstatements="33" conditionals="9" coveredconditionals="8" methods="8" coveredmethods="8"/>
        <line num="7" count="1" type="cond" truecount="0" falsecount="1"/>
        <line num="9" count="14" type="stmt"/>
        <line num="11" count="14" type="stmt"/>
        <line num="12" count="14" type="stmt"/>
        <line num="13" count="14" type="stmt"/>
        <line num="14" count="14" type="stmt"/>
        <line num="15" count="14" type="stmt"/>
        <line num="18" count="14" type="stmt"/>
        <line num="19" count="5" type="cond" truecount="6" falsecount="0"/>
        <line num="20" count="5" type="stmt"/>
        <line num="21" count="5" type="stmt"/>
        <line num="22" count="5" type="stmt"/>
        <line num="23" count="5" type="stmt"/>
        <line num="27" count="14" type="stmt"/>
        <line num="28" count="3" type="stmt"/>
        <line num="29" count="3" type="stmt"/>
        <line num="30" count="3" type="stmt"/>
        <line num="37" count="2" type="cond" truecount="2" falsecount="0"/>
        <line num="38" count="1" type="stmt"/>
        <line num="40" count="1" type="stmt"/>
        <line num="41" count="1" type="stmt"/>
        <line num="42" count="1" type="stmt"/>
        <line num="43" count="1" type="stmt"/>
        <line num="44" count="1" type="stmt"/>
        <line num="45" count="1" type="stmt"/>
        <line num="48" count="1" type="stmt"/>
        <line num="49" count="1" type="stmt"/>
        <line num="52" count="14" type="stmt"/>
        <line num="67" count="1" type="stmt"/>
        <line num="78" count="1" type="stmt"/>
        <line num="89" count="1" type="stmt"/>
        <line num="99" count="1" type="stmt"/>
        <line num="109" count="1" type="stmt"/>
      </file>
    </package>
  </project>
</coverage>
