{"/Users/dedrick/Documents/CS4218/Project/cs4218-2510-ecom-project-team014/controllers/categoryController.js": {"path":"/Users/dedrick/Documents/CS4218/Project/cs4218-2510-ecom-project-team014/controllers/categoryController.js","statementMap":{"0":{"start":{"line":3,"column":40},"end":{"line":33,"column":1}},"1":{"start":{"line":4,"column":2},"end":{"line":32,"column":3}},"2":{"start":{"line":5,"column":21},"end":{"line":5,"column":29}},"3":{"start":{"line":6,"column":4},"end":{"line":8,"column":5}},"4":{"start":{"line":7,"column":6},"end":{"line":7,"column":67}},"5":{"start":{"line":9,"column":29},"end":{"line":9,"column":66}},"6":{"start":{"line":10,"column":4},"end":{"line":15,"column":5}},"7":{"start":{"line":11,"column":6},"end":{"line":14,"column":9}},"8":{"start":{"line":16,"column":21},"end":{"line":19,"column":13}},"9":{"start":{"line":20,"column":4},"end":{"line":24,"column":7}},"10":{"start":{"line":26,"column":4},"end":{"line":26,"column":23}},"11":{"start":{"line":27,"column":4},"end":{"line":31,"column":7}},"12":{"start":{"line":36,"column":40},"end":{"line":58,"column":1}},"13":{"start":{"line":37,"column":2},"end":{"line":57,"column":3}},"14":{"start":{"line":38,"column":21},"end":{"line":38,"column":29}},"15":{"start":{"line":39,"column":19},"end":{"line":39,"column":29}},"16":{"start":{"line":40,"column":21},"end":{"line":44,"column":5}},"17":{"start":{"line":45,"column":4},"end":{"line":49,"column":7}},"18":{"start":{"line":51,"column":4},"end":{"line":51,"column":23}},"19":{"start":{"line":52,"column":4},"end":{"line":56,"column":7}},"20":{"start":{"line":61,"column":35},"end":{"line":77,"column":1}},"21":{"start":{"line":62,"column":2},"end":{"line":76,"column":3}},"22":{"start":{"line":63,"column":21},"end":{"line":63,"column":49}},"23":{"start":{"line":64,"column":4},"end":{"line":68,"column":7}},"24":{"start":{"line":70,"column":4},"end":{"line":70,"column":23}},"25":{"start":{"line":71,"column":4},"end":{"line":75,"column":7}},"26":{"start":{"line":80,"column":40},"end":{"line":96,"column":1}},"27":{"start":{"line":81,"column":2},"end":{"line":95,"column":3}},"28":{"start":{"line":82,"column":21},"end":{"line":82,"column":75}},"29":{"start":{"line":83,"column":4},"end":{"line":87,"column":7}},"30":{"start":{"line":89,"column":4},"end":{"line":89,"column":23}},"31":{"start":{"line":90,"column":4},"end":{"line":94,"column":7}},"32":{"start":{"line":99,"column":40},"end":{"line":115,"column":1}},"33":{"start":{"line":100,"column":2},"end":{"line":114,"column":3}},"34":{"start":{"line":101,"column":19},"end":{"line":101,"column":29}},"35":{"start":{"line":102,"column":4},"end":{"line":102,"column":46}},"36":{"start":{"line":103,"column":4},"end":{"line":106,"column":7}},"37":{"start":{"line":108,"column":4},"end":{"line":108,"column":23}},"38":{"start":{"line":109,"column":4},"end":{"line":113,"column":7}}},"fnMap":{"0":{"name":"(anonymous_0)","decl":{"start":{"line":3,"column":40},"end":{"line":3,"column":41}},"loc":{"start":{"line":3,"column":60},"end":{"line":33,"column":1}},"line":3},"1":{"name":"(anonymous_1)","decl":{"start":{"line":36,"column":40},"end":{"line":36,"column":41}},"loc":{"start":{"line":36,"column":60},"end":{"line":58,"column":1}},"line":36},"2":{"name":"(anonymous_2)","decl":{"start":{"line":61,"column":35},"end":{"line":61,"column":36}},"loc":{"start":{"line":61,"column":55},"end":{"line":77,"column":1}},"line":61},"3":{"name":"(anonymous_3)","decl":{"start":{"line":80,"column":40},"end":{"line":80,"column":41}},"loc":{"start":{"line":80,"column":60},"end":{"line":96,"column":1}},"line":80},"4":{"name":"(anonymous_4)","decl":{"start":{"line":99,"column":40},"end":{"line":99,"column":41}},"loc":{"start":{"line":99,"column":60},"end":{"line":115,"column":1}},"line":99}},"branchMap":{"0":{"loc":{"start":{"line":6,"column":4},"end":{"line":8,"column":5}},"type":"if","locations":[{"start":{"line":6,"column":4},"end":{"line":8,"column":5}},{"start":{},"end":{}}],"line":6},"1":{"loc":{"start":{"line":10,"column":4},"end":{"line":15,"column":5}},"type":"if","locations":[{"start":{"line":10,"column":4},"end":{"line":15,"column":5}},{"start":{},"end":{}}],"line":10}},"s":{"0":1,"1":4,"2":4,"3":4,"4":1,"5":3,"6":2,"7":1,"8":1,"9":1,"10":1,"11":1,"12":1,"13":2,"14":2,"15":2,"16":2,"17":1,"18":1,"19":1,"20":1,"21":3,"22":3,"23":2,"24":1,"25":1,"26":1,"27":4,"28":4,"29":3,"30":1,"31":1,"32":1,"33":2,"34":2,"35":2,"36":1,"37":1,"38":1},"f":{"0":4,"1":2,"2":3,"3":4,"4":2},"b":{"0":[1,3],"1":[1,1]},"_coverageSchema":"1a1c01bbd47fc00a2c39e90264f33305004495a9","hash":"b76e7e9e2f84f06e273a4da5ada287e2c73bc79a"}
,"/Users/dedrick/Documents/CS4218/Project/cs4218-2510-ecom-project-team014/controllers/productController.js": {"path":"/Users/dedrick/Documents/CS4218/Project/cs4218-2510-ecom-project-team014/controllers/productController.js","statementMap":{"0":{"start":{"line":10,"column":0},"end":{"line":10,"column":16}},"1":{"start":{"line":13,"column":14},"end":{"line":18,"column":2}},"2":{"start":{"line":20,"column":39},"end":{"line":62,"column":1}},"3":{"start":{"line":21,"column":2},"end":{"line":61,"column":3}},"4":{"start":{"line":23,"column":6},"end":{"line":23,"column":16}},"5":{"start":{"line":24,"column":22},"end":{"line":24,"column":31}},"6":{"start":{"line":26,"column":4},"end":{"line":41,"column":5}},"7":{"start":{"line":28,"column":8},"end":{"line":28,"column":67}},"8":{"start":{"line":30,"column":8},"end":{"line":30,"column":74}},"9":{"start":{"line":32,"column":8},"end":{"line":32,"column":68}},"10":{"start":{"line":34,"column":8},"end":{"line":34,"column":71}},"11":{"start":{"line":36,"column":8},"end":{"line":36,"column":71}},"12":{"start":{"line":38,"column":8},"end":{"line":40,"column":76}},"13":{"start":{"line":43,"column":21},"end":{"line":43,"column":77}},"14":{"start":{"line":44,"column":4},"end":{"line":47,"column":5}},"15":{"start":{"line":45,"column":6},"end":{"line":45,"column":56}},"16":{"start":{"line":46,"column":6},"end":{"line":46,"column":46}},"17":{"start":{"line":48,"column":4},"end":{"line":48,"column":26}},"18":{"start":{"line":49,"column":4},"end":{"line":53,"column":7}},"19":{"start":{"line":55,"column":4},"end":{"line":55,"column":23}},"20":{"start":{"line":56,"column":4},"end":{"line":60,"column":7}},"21":{"start":{"line":65,"column":36},"end":{"line":87,"column":1}},"22":{"start":{"line":66,"column":2},"end":{"line":86,"column":3}},"23":{"start":{"line":67,"column":21},"end":{"line":72,"column":30}},"24":{"start":{"line":73,"column":4},"end":{"line":78,"column":7}},"25":{"start":{"line":80,"column":4},"end":{"line":80,"column":23}},"26":{"start":{"line":81,"column":4},"end":{"line":85,"column":7}},"27":{"start":{"line":89,"column":42},"end":{"line":108,"column":1}},"28":{"start":{"line":90,"column":2},"end":{"line":107,"column":3}},"29":{"start":{"line":91,"column":20},"end":{"line":94,"column":27}},"30":{"start":{"line":95,"column":4},"end":{"line":99,"column":7}},"31":{"start":{"line":101,"column":4},"end":{"line":101,"column":23}},"32":{"start":{"line":102,"column":4},"end":{"line":106,"column":7}},"33":{"start":{"line":110,"column":38},"end":{"line":139,"column":1}},"34":{"start":{"line":111,"column":2},"end":{"line":138,"column":3}},"35":{"start":{"line":112,"column":20},"end":{"line":112,"column":30}},"36":{"start":{"line":113,"column":4},"end":{"line":117,"column":5}},"37":{"start":{"line":114,"column":6},"end":{"line":116,"column":71}},"38":{"start":{"line":119,"column":20},"end":{"line":119,"column":68}},"39":{"start":{"line":120,"column":4},"end":{"line":124,"column":5}},"40":{"start":{"line":121,"column":6},"end":{"line":123,"column":74}},"41":{"start":{"line":126,"column":4},"end":{"line":129,"column":6}},"42":{"start":{"line":130,"column":4},"end":{"line":130,"column":52}},"43":{"start":{"line":132,"column":4},"end":{"line":132,"column":23}},"44":{"start":{"line":133,"column":4},"end":{"line":137,"column":7}},"45":{"start":{"line":142,"column":39},"end":{"line":157,"column":1}},"46":{"start":{"line":143,"column":2},"end":{"line":156,"column":3}},"47":{"start":{"line":144,"column":4},"end":{"line":144,"column":74}},"48":{"start":{"line":145,"column":4},"end":{"line":148,"column":7}},"49":{"start":{"line":150,"column":4},"end":{"line":150,"column":23}},"50":{"start":{"line":151,"column":4},"end":{"line":155,"column":7}},"51":{"start":{"line":160,"column":39},"end":{"line":206,"column":1}},"52":{"start":{"line":161,"column":2},"end":{"line":205,"column":3}},"53":{"start":{"line":163,"column":6},"end":{"line":163,"column":16}},"54":{"start":{"line":164,"column":22},"end":{"line":164,"column":31}},"55":{"start":{"line":166,"column":4},"end":{"line":181,"column":5}},"56":{"start":{"line":168,"column":8},"end":{"line":168,"column":67}},"57":{"start":{"line":170,"column":8},"end":{"line":170,"column":74}},"58":{"start":{"line":172,"column":8},"end":{"line":172,"column":68}},"59":{"start":{"line":174,"column":8},"end":{"line":174,"column":71}},"60":{"start":{"line":176,"column":8},"end":{"line":176,"column":71}},"61":{"start":{"line":178,"column":8},"end":{"line":180,"column":76}},"62":{"start":{"line":183,"column":21},"end":{"line":187,"column":5}},"63":{"start":{"line":188,"column":4},"end":{"line":191,"column":5}},"64":{"start":{"line":189,"column":6},"end":{"line":189,"column":56}},"65":{"start":{"line":190,"column":6},"end":{"line":190,"column":46}},"66":{"start":{"line":192,"column":4},"end":{"line":192,"column":26}},"67":{"start":{"line":193,"column":4},"end":{"line":197,"column":7}},"68":{"start":{"line":199,"column":4},"end":{"line":199,"column":23}},"69":{"start":{"line":200,"column":4},"end":{"line":204,"column":7}},"70":{"start":{"line":209,"column":40},"end":{"line":228,"column":1}},"71":{"start":{"line":210,"column":2},"end":{"line":227,"column":3}},"72":{"start":{"line":212,"column":41},"end":{"line":212,"column":55}},"73":{"start":{"line":214,"column":15},"end":{"line":214,"column":17}},"74":{"start":{"line":215,"column":4},"end":{"line":215,"column":52}},"75":{"start":{"line":215,"column":28},"end":{"line":215,"column":52}},"76":{"start":{"line":216,"column":4},"end":{"line":216,"column":70}},"77":{"start":{"line":216,"column":22},"end":{"line":216,"column":70}},"78":{"start":{"line":218,"column":21},"end":{"line":218,"column":50}},"79":{"start":{"line":219,"column":4},"end":{"line":219,"column":61}},"80":{"start":{"line":221,"column":4},"end":{"line":221,"column":23}},"81":{"start":{"line":222,"column":4},"end":{"line":226,"column":7}},"82":{"start":{"line":231,"column":38},"end":{"line":246,"column":1}},"83":{"start":{"line":232,"column":2},"end":{"line":245,"column":3}},"84":{"start":{"line":233,"column":18},"end":{"line":233,"column":61}},"85":{"start":{"line":234,"column":4},"end":{"line":237,"column":7}},"86":{"start":{"line":239,"column":4},"end":{"line":239,"column":23}},"87":{"start":{"line":240,"column":4},"end":{"line":244,"column":7}},"88":{"start":{"line":249,"column":37},"end":{"line":272,"column":1}},"89":{"start":{"line":250,"column":2},"end":{"line":271,"column":3}},"90":{"start":{"line":251,"column":20},"end":{"line":251,"column":21}},"91":{"start":{"line":252,"column":16},"end":{"line":252,"column":32}},"92":{"start":{"line":253,"column":15},"end":{"line":253,"column":39}},"93":{"start":{"line":254,"column":4},"end":{"line":254,"column":53}},"94":{"start":{"line":254,"column":44},"end":{"line":254,"column":53}},"95":{"start":{"line":256,"column":21},"end":{"line":261,"column":30}},"96":{"start":{"line":263,"column":4},"end":{"line":263,"column":61}},"97":{"start":{"line":265,"column":4},"end":{"line":265,"column":23}},"98":{"start":{"line":266,"column":4},"end":{"line":270,"column":7}},"99":{"start":{"line":275,"column":39},"end":{"line":299,"column":1}},"100":{"start":{"line":276,"column":2},"end":{"line":298,"column":3}},"101":{"start":{"line":277,"column":24},"end":{"line":277,"column":34}},"102":{"start":{"line":278,"column":4},"end":{"line":280,"column":5}},"103":{"start":{"line":279,"column":6},"end":{"line":279,"column":26}},"104":{"start":{"line":281,"column":27},"end":{"line":281,"column":41}},"105":{"start":{"line":282,"column":20},"end":{"line":289,"column":23}},"106":{"start":{"line":290,"column":4},"end":{"line":290,"column":22}},"107":{"start":{"line":292,"column":4},"end":{"line":292,"column":23}},"108":{"start":{"line":293,"column":4},"end":{"line":297,"column":7}},"109":{"start":{"line":302,"column":40},"end":{"line":325,"column":1}},"110":{"start":{"line":303,"column":2},"end":{"line":324,"column":3}},"111":{"start":{"line":304,"column":25},"end":{"line":304,"column":35}},"112":{"start":{"line":305,"column":21},"end":{"line":312,"column":27}},"113":{"start":{"line":313,"column":4},"end":{"line":316,"column":7}},"114":{"start":{"line":318,"column":4},"end":{"line":318,"column":23}},"115":{"start":{"line":319,"column":4},"end":{"line":323,"column":7}},"116":{"start":{"line":328,"column":41},"end":{"line":345,"column":1}},"117":{"start":{"line":329,"column":2},"end":{"line":344,"column":3}},"118":{"start":{"line":330,"column":21},"end":{"line":330,"column":75}},"119":{"start":{"line":331,"column":21},"end":{"line":331,"column":79}},"120":{"start":{"line":332,"column":4},"end":{"line":336,"column":7}},"121":{"start":{"line":338,"column":4},"end":{"line":338,"column":23}},"122":{"start":{"line":339,"column":4},"end":{"line":343,"column":7}},"123":{"start":{"line":349,"column":40},"end":{"line":361,"column":1}},"124":{"start":{"line":350,"column":2},"end":{"line":360,"column":3}},"125":{"start":{"line":351,"column":4},"end":{"line":357,"column":7}},"126":{"start":{"line":352,"column":6},"end":{"line":356,"column":7}},"127":{"start":{"line":353,"column":8},"end":{"line":353,"column":34}},"128":{"start":{"line":355,"column":8},"end":{"line":355,"column":27}},"129":{"start":{"line":359,"column":4},"end":{"line":359,"column":23}},"130":{"start":{"line":364,"column":42},"end":{"line":451,"column":1}},"131":{"start":{"line":365,"column":2},"end":{"line":450,"column":3}},"132":{"start":{"line":366,"column":28},"end":{"line":366,"column":36}},"133":{"start":{"line":367,"column":4},"end":{"line":369,"column":5}},"134":{"start":{"line":368,"column":6},"end":{"line":368,"column":79}},"135":{"start":{"line":372,"column":4},"end":{"line":378,"column":5}},"136":{"start":{"line":373,"column":6},"end":{"line":377,"column":7}},"137":{"start":{"line":374,"column":8},"end":{"line":376,"column":66}},"138":{"start":{"line":381,"column":23},"end":{"line":381,"column":51}},"139":{"start":{"line":381,"column":42},"end":{"line":381,"column":50}},"140":{"start":{"line":382,"column":21},"end":{"line":382,"column":74}},"141":{"start":{"line":384,"column":23},"end":{"line":384,"column":32}},"142":{"start":{"line":385,"column":4},"end":{"line":387,"column":7}},"143":{"start":{"line":386,"column":6},"end":{"line":386,"column":54}},"144":{"start":{"line":389,"column":4},"end":{"line":406,"column":5}},"145":{"start":{"line":390,"column":22},"end":{"line":390,"column":57}},"146":{"start":{"line":392,"column":6},"end":{"line":397,"column":7}},"147":{"start":{"line":393,"column":8},"end":{"line":396,"column":11}},"148":{"start":{"line":399,"column":32},"end":{"line":399,"column":50}},"149":{"start":{"line":400,"column":6},"end":{"line":405,"column":7}},"150":{"start":{"line":401,"column":8},"end":{"line":404,"column":11}},"151":{"start":{"line":408,"column":16},"end":{"line":408,"column":17}},"152":{"start":{"line":409,"column":4},"end":{"line":411,"column":7}},"153":{"start":{"line":410,"column":6},"end":{"line":410,"column":36}},"154":{"start":{"line":413,"column":4},"end":{"line":417,"column":5}},"155":{"start":{"line":414,"column":6},"end":{"line":416,"column":80}},"156":{"start":{"line":418,"column":25},"end":{"line":447,"column":5}},"157":{"start":{"line":427,"column":8},"end":{"line":445,"column":9}},"158":{"start":{"line":428,"column":24},"end":{"line":432,"column":19}},"159":{"start":{"line":433,"column":26},"end":{"line":438,"column":13}},"160":{"start":{"line":433,"column":46},"end":{"line":438,"column":11}},"161":{"start":{"line":440,"column":10},"end":{"line":440,"column":48}},"162":{"start":{"line":442,"column":10},"end":{"line":442,"column":33}},"163":{"start":{"line":444,"column":10},"end":{"line":444,"column":38}},"164":{"start":{"line":449,"column":4},"end":{"line":449,"column":23}}},"fnMap":{"0":{"name":"(anonymous_0)","decl":{"start":{"line":20,"column":39},"end":{"line":20,"column":40}},"loc":{"start":{"line":20,"column":59},"end":{"line":62,"column":1}},"line":20},"1":{"name":"(anonymous_1)","decl":{"start":{"line":65,"column":36},"end":{"line":65,"column":37}},"loc":{"start":{"line":65,"column":56},"end":{"line":87,"column":1}},"line":65},"2":{"name":"(anonymous_2)","decl":{"start":{"line":89,"column":42},"end":{"line":89,"column":43}},"loc":{"start":{"line":89,"column":62},"end":{"line":108,"column":1}},"line":89},"3":{"name":"(anonymous_3)","decl":{"start":{"line":110,"column":38},"end":{"line":110,"column":39}},"loc":{"start":{"line":110,"column":58},"end":{"line":139,"column":1}},"line":110},"4":{"name":"(anonymous_4)","decl":{"start":{"line":142,"column":39},"end":{"line":142,"column":40}},"loc":{"start":{"line":142,"column":59},"end":{"line":157,"column":1}},"line":142},"5":{"name":"(anonymous_5)","decl":{"start":{"line":160,"column":39},"end":{"line":160,"column":40}},"loc":{"start":{"line":160,"column":59},"end":{"line":206,"column":1}},"line":160},"6":{"name":"(anonymous_6)","decl":{"start":{"line":209,"column":40},"end":{"line":209,"column":41}},"loc":{"start":{"line":209,"column":60},"end":{"line":228,"column":1}},"line":209},"7":{"name":"(anonymous_7)","decl":{"start":{"line":231,"column":38},"end":{"line":231,"column":39}},"loc":{"start":{"line":231,"column":58},"end":{"line":246,"column":1}},"line":231},"8":{"name":"(anonymous_8)","decl":{"start":{"line":249,"column":37},"end":{"line":249,"column":38}},"loc":{"start":{"line":249,"column":57},"end":{"line":272,"column":1}},"line":249},"9":{"name":"(anonymous_9)","decl":{"start":{"line":275,"column":39},"end":{"line":275,"column":40}},"loc":{"start":{"line":275,"column":59},"end":{"line":299,"column":1}},"line":275},"10":{"name":"(anonymous_10)","decl":{"start":{"line":302,"column":40},"end":{"line":302,"column":41}},"loc":{"start":{"line":302,"column":60},"end":{"line":325,"column":1}},"line":302},"11":{"name":"(anonymous_11)","decl":{"start":{"line":328,"column":41},"end":{"line":328,"column":42}},"loc":{"start":{"line":328,"column":61},"end":{"line":345,"column":1}},"line":328},"12":{"name":"(anonymous_12)","decl":{"start":{"line":349,"column":40},"end":{"line":349,"column":41}},"loc":{"start":{"line":349,"column":60},"end":{"line":361,"column":1}},"line":349},"13":{"name":"(anonymous_13)","decl":{"start":{"line":351,"column":37},"end":{"line":351,"column":38}},"loc":{"start":{"line":351,"column":62},"end":{"line":357,"column":5}},"line":351},"14":{"name":"(anonymous_14)","decl":{"start":{"line":364,"column":42},"end":{"line":364,"column":43}},"loc":{"start":{"line":364,"column":62},"end":{"line":451,"column":1}},"line":364},"15":{"name":"(anonymous_15)","decl":{"start":{"line":381,"column":32},"end":{"line":381,"column":33}},"loc":{"start":{"line":381,"column":42},"end":{"line":381,"column":50}},"line":381},"16":{"name":"(anonymous_16)","decl":{"start":{"line":385,"column":21},"end":{"line":385,"column":22}},"loc":{"start":{"line":385,"column":34},"end":{"line":387,"column":5}},"line":385},"17":{"name":"(anonymous_17)","decl":{"start":{"line":409,"column":13},"end":{"line":409,"column":14}},"loc":{"start":{"line":409,"column":20},"end":{"line":411,"column":5}},"line":409},"18":{"name":"(anonymous_18)","decl":{"start":{"line":426,"column":6},"end":{"line":426,"column":7}},"loc":{"start":{"line":426,"column":37},"end":{"line":446,"column":7}},"line":426},"19":{"name":"(anonymous_19)","decl":{"start":{"line":433,"column":35},"end":{"line":433,"column":36}},"loc":{"start":{"line":433,"column":46},"end":{"line":438,"column":11}},"line":433}},"branchMap":{"0":{"loc":{"start":{"line":26,"column":4},"end":{"line":41,"column":5}},"type":"switch","locations":[{"start":{"line":27,"column":6},"end":{"line":28,"column":67}},{"start":{"line":29,"column":6},"end":{"line":30,"column":74}},{"start":{"line":31,"column":6},"end":{"line":32,"column":68}},{"start":{"line":33,"column":6},"end":{"line":34,"column":71}},{"start":{"line":35,"column":6},"end":{"line":36,"column":71}},{"start":{"line":37,"column":6},"end":{"line":40,"column":76}}],"line":26},"1":{"loc":{"start":{"line":37,"column":11},"end":{"line":37,"column":40}},"type":"binary-expr","locations":[{"start":{"line":37,"column":11},"end":{"line":37,"column":16}},{"start":{"line":37,"column":20},"end":{"line":37,"column":40}}],"line":37},"2":{"loc":{"start":{"line":44,"column":4},"end":{"line":47,"column":5}},"type":"if","locations":[{"start":{"line":44,"column":4},"end":{"line":47,"column":5}},{"start":{},"end":{}}],"line":44},"3":{"loc":{"start":{"line":113,"column":4},"end":{"line":117,"column":5}},"type":"if","locations":[{"start":{"line":113,"column":4},"end":{"line":117,"column":5}},{"start":{},"end":{}}],"line":113},"4":{"loc":{"start":{"line":120,"column":4},"end":{"line":124,"column":5}},"type":"if","locations":[{"start":{"line":120,"column":4},"end":{"line":124,"column":5}},{"start":{},"end":{}}],"line":120},"5":{"loc":{"start":{"line":120,"column":8},"end":{"line":120,"column":57}},"type":"binary-expr","locations":[{"start":{"line":120,"column":8},"end":{"line":120,"column":16}},{"start":{"line":120,"column":20},"end":{"line":120,"column":34}},{"start":{"line":120,"column":38},"end":{"line":120,"column":57}}],"line":120},"6":{"loc":{"start":{"line":128,"column":6},"end":{"line":128,"column":61}},"type":"binary-expr","locations":[{"start":{"line":128,"column":6},"end":{"line":128,"column":31}},{"start":{"line":128,"column":35},"end":{"line":128,"column":61}}],"line":128},"7":{"loc":{"start":{"line":136,"column":13},"end":{"line":136,"column":44}},"type":"binary-expr","locations":[{"start":{"line":136,"column":13},"end":{"line":136,"column":27}},{"start":{"line":136,"column":31},"end":{"line":136,"column":44}}],"line":136},"8":{"loc":{"start":{"line":166,"column":4},"end":{"line":181,"column":5}},"type":"switch","locations":[{"start":{"line":167,"column":6},"end":{"line":168,"column":67}},{"start":{"line":169,"column":6},"end":{"line":170,"column":74}},{"start":{"line":171,"column":6},"end":{"line":172,"column":68}},{"start":{"line":173,"column":6},"end":{"line":174,"column":71}},{"start":{"line":175,"column":6},"end":{"line":176,"column":71}},{"start":{"line":177,"column":6},"end":{"line":180,"column":76}}],"line":166},"9":{"loc":{"start":{"line":177,"column":11},"end":{"line":177,"column":40}},"type":"binary-expr","locations":[{"start":{"line":177,"column":11},"end":{"line":177,"column":16}},{"start":{"line":177,"column":20},"end":{"line":177,"column":40}}],"line":177},"10":{"loc":{"start":{"line":188,"column":4},"end":{"line":191,"column":5}},"type":"if","locations":[{"start":{"line":188,"column":4},"end":{"line":191,"column":5}},{"start":{},"end":{}}],"line":188},"11":{"loc":{"start":{"line":212,"column":12},"end":{"line":212,"column":24}},"type":"default-arg","locations":[{"start":{"line":212,"column":22},"end":{"line":212,"column":24}}],"line":212},"12":{"loc":{"start":{"line":212,"column":26},"end":{"line":212,"column":36}},"type":"default-arg","locations":[{"start":{"line":212,"column":34},"end":{"line":212,"column":36}}],"line":212},"13":{"loc":{"start":{"line":212,"column":41},"end":{"line":212,"column":55}},"type":"binary-expr","locations":[{"start":{"line":212,"column":41},"end":{"line":212,"column":49}},{"start":{"line":212,"column":53},"end":{"line":212,"column":55}}],"line":212},"14":{"loc":{"start":{"line":215,"column":4},"end":{"line":215,"column":52}},"type":"if","locations":[{"start":{"line":215,"column":4},"end":{"line":215,"column":52}},{"start":{},"end":{}}],"line":215},"15":{"loc":{"start":{"line":216,"column":4},"end":{"line":216,"column":70}},"type":"if","locations":[{"start":{"line":216,"column":4},"end":{"line":216,"column":70}},{"start":{},"end":{}}],"line":216},"16":{"loc":{"start":{"line":254,"column":4},"end":{"line":254,"column":53}},"type":"if","locations":[{"start":{"line":254,"column":4},"end":{"line":254,"column":53}},{"start":{},"end":{}}],"line":254},"17":{"loc":{"start":{"line":254,"column":8},"end":{"line":254,"column":42}},"type":"binary-expr","locations":[{"start":{"line":254,"column":8},"end":{"line":254,"column":30}},{"start":{"line":254,"column":34},"end":{"line":254,"column":42}}],"line":254},"18":{"loc":{"start":{"line":278,"column":4},"end":{"line":280,"column":5}},"type":"if","locations":[{"start":{"line":278,"column":4},"end":{"line":280,"column":5}},{"start":{},"end":{}}],"line":278},"19":{"loc":{"start":{"line":278,"column":8},"end":{"line":278,"column":35}},"type":"binary-expr","locations":[{"start":{"line":278,"column":8},"end":{"line":278,"column":16}},{"start":{"line":278,"column":20},"end":{"line":278,"column":35}}],"line":278},"20":{"loc":{"start":{"line":352,"column":6},"end":{"line":356,"column":7}},"type":"if","locations":[{"start":{"line":352,"column":6},"end":{"line":356,"column":7}},{"start":{"line":354,"column":13},"end":{"line":356,"column":7}}],"line":352},"21":{"loc":{"start":{"line":367,"column":4},"end":{"line":369,"column":5}},"type":"if","locations":[{"start":{"line":367,"column":4},"end":{"line":369,"column":5}},{"start":{},"end":{}}],"line":367},"22":{"loc":{"start":{"line":367,"column":8},"end":{"line":367,"column":34}},"type":"binary-expr","locations":[{"start":{"line":367,"column":8},"end":{"line":367,"column":13}},{"start":{"line":367,"column":17},"end":{"line":367,"column":34}}],"line":367},"23":{"loc":{"start":{"line":373,"column":6},"end":{"line":377,"column":7}},"type":"if","locations":[{"start":{"line":373,"column":6},"end":{"line":377,"column":7}},{"start":{},"end":{}}],"line":373},"24":{"loc":{"start":{"line":373,"column":10},"end":{"line":373,"column":60}},"type":"binary-expr","locations":[{"start":{"line":373,"column":10},"end":{"line":373,"column":24}},{"start":{"line":373,"column":28},"end":{"line":373,"column":60}}],"line":373},"25":{"loc":{"start":{"line":392,"column":6},"end":{"line":397,"column":7}},"type":"if","locations":[{"start":{"line":392,"column":6},"end":{"line":397,"column":7}},{"start":{},"end":{}}],"line":392},"26":{"loc":{"start":{"line":399,"column":32},"end":{"line":399,"column":50}},"type":"binary-expr","locations":[{"start":{"line":399,"column":32},"end":{"line":399,"column":45}},{"start":{"line":399,"column":49},"end":{"line":399,"column":50}}],"line":399},"27":{"loc":{"start":{"line":400,"column":6},"end":{"line":405,"column":7}},"type":"if","locations":[{"start":{"line":400,"column":6},"end":{"line":405,"column":7}},{"start":{},"end":{}}],"line":400},"28":{"loc":{"start":{"line":400,"column":10},"end":{"line":400,"column":67}},"type":"binary-expr","locations":[{"start":{"line":400,"column":10},"end":{"line":400,"column":27}},{"start":{"line":400,"column":31},"end":{"line":400,"column":67}}],"line":400},"29":{"loc":{"start":{"line":413,"column":4},"end":{"line":417,"column":5}},"type":"if","locations":[{"start":{"line":413,"column":4},"end":{"line":417,"column":5}},{"start":{},"end":{}}],"line":413},"30":{"loc":{"start":{"line":427,"column":8},"end":{"line":445,"column":9}},"type":"if","locations":[{"start":{"line":427,"column":8},"end":{"line":445,"column":9}},{"start":{"line":443,"column":15},"end":{"line":445,"column":9}}],"line":427},"31":{"loc":{"start":{"line":436,"column":44},"end":{"line":436,"column":62}},"type":"binary-expr","locations":[{"start":{"line":436,"column":44},"end":{"line":436,"column":57}},{"start":{"line":436,"column":61},"end":{"line":436,"column":62}}],"line":436}},"s":{"0":2,"1":2,"2":2,"3":9,"4":9,"5":9,"6":9,"7":1,"8":1,"9":1,"10":1,"11":1,"12":1,"13":3,"14":2,"15":1,"16":1,"17":2,"18":2,"19":1,"20":1,"21":2,"22":2,"23":2,"24":1,"25":1,"26":1,"27":2,"28":3,"29":3,"30":2,"31":1,"32":1,"33":2,"34":6,"35":6,"36":6,"37":1,"38":5,"39":3,"40":1,"41":2,"42":2,"43":2,"44":2,"45":2,"46":2,"47":2,"48":1,"49":1,"50":1,"51":2,"52":9,"53":9,"54":9,"55":9,"56":1,"57":1,"58":1,"59":1,"60":1,"61":1,"62":3,"63":3,"64":1,"65":1,"66":3,"67":2,"68":1,"69":1,"70":2,"71":5,"72":5,"73":5,"74":5,"75":2,"76":5,"77":2,"78":5,"79":4,"80":1,"81":1,"82":2,"83":2,"84":2,"85":1,"86":1,"87":1,"88":2,"89":4,"90":4,"91":4,"92":4,"93":4,"94":3,"95":4,"96":3,"97":1,"98":1,"99":2,"100":4,"101":4,"102":4,"103":1,"104":3,"105":3,"106":2,"107":1,"108":1,"109":2,"110":2,"111":2,"112":2,"113":1,"114":1,"115":1,"116":2,"117":3,"118":3,"119":2,"120":2,"121":1,"122":1,"123":2,"124":3,"125":3,"126":2,"127":1,"128":1,"129":1,"130":2,"131":8,"132":8,"133":8,"134":1,"135":7,"136":8,"137":1,"138":6,"139":7,"140":6,"141":5,"142":5,"143":5,"144":5,"145":6,"146":6,"147":1,"148":5,"149":5,"150":1,"151":3,"152":3,"153":4,"154":3,"155":1,"156":2,"157":2,"158":1,"159":1,"160":2,"161":1,"162":1,"163":1,"164":1},"f":{"0":9,"1":2,"2":3,"3":6,"4":2,"5":9,"6":5,"7":2,"8":4,"9":4,"10":2,"11":3,"12":3,"13":2,"14":8,"15":7,"16":5,"17":4,"18":2,"19":2},"b":{"0":[1,1,1,1,1,1],"1":[4,2],"2":[1,1],"3":[1,5],"4":[1,2],"5":[3,2,2],"6":[2,1],"7":[2,1],"8":[1,1,1,1,1,1],"9":[4,2],"10":[1,2],"11":[1],"12":[1],"13":[5,1],"14":[2,3],"15":[2,3],"16":[3,1],"17":[4,1],"18":[1,3],"19":[4,4],"20":[1,1],"21":[1,7],"22":[8,8],"23":[1,7],"24":[8,7],"25":[1,5],"26":[5,0],"27":[1,4],"28":[5,4],"29":[1,2],"30":[1,1],"31":[2,0]},"_coverageSchema":"1a1c01bbd47fc00a2c39e90264f33305004495a9","hash":"9858f3f2e43cf4ee8bfcd512ad883923eb5fba0c"}
,"/Users/dedrick/Documents/CS4218/Project/cs4218-2510-ecom-project-team014/models/categoryModel.js": {"path":"/Users/dedrick/Documents/CS4218/Project/cs4218-2510-ecom-project-team014/models/categoryModel.js","statementMap":{"0":{"start":{"line":3,"column":23},"end":{"line":13,"column":2}}},"fnMap":{},"branchMap":{},"s":{"0":2},"f":{},"b":{},"_coverageSchema":"1a1c01bbd47fc00a2c39e90264f33305004495a9","hash":"158989c7cdf940d5e8d977c10d86d5618c3bad45"}
,"/Users/dedrick/Documents/CS4218/Project/cs4218-2510-ecom-project-team014/models/productModel.js": {"path":"/Users/dedrick/Documents/CS4218/Project/cs4218-2510-ecom-project-team014/models/productModel.js","statementMap":{"0":{"start":{"line":3,"column":22},"end":{"line":39,"column":1}}},"fnMap":{},"branchMap":{},"s":{"0":2},"f":{},"b":{},"_coverageSchema":"1a1c01bbd47fc00a2c39e90264f33305004495a9","hash":"f85c27b0e74e7856a10da458abf36a02a673da54"}
}
