TN:
SF:client/src/hooks/useCategory.js
FN:4,useCategory
FN:8,(anonymous_1)
FN:18,(anonymous_2)
FNF:3
FNH:3
FNDA:5,useCategory
FNDA:3,(anonymous_1)
FNDA:3,(anonymous_2)
DA:5,5
DA:8,5
DA:9,3
DA:10,3
DA:11,2
DA:12,2
DA:14,1
DA:18,5
DA:19,3
DA:22,5
LF:10
LH:10
BRDA:11,0,0,1
BRDA:11,0,1,1
BRF:2
BRH:2
end_of_record
TN:
SF:client/src/pages/Categories.js
FN:5,(anonymous_0)
FN:11,(anonymous_1)
FNF:2
FNH:2
FNDA:3,(anonymous_0)
FNDA:2,(anonymous_1)
DA:5,1
DA:6,3
DA:7,3
DA:12,2
LF:4
LH:4
BRF:0
BRH:0
end_of_record
TN:
SF:client/src/pages/CategoryProduct.js
FN:6,(anonymous_0)
FN:12,(anonymous_1)
FN:15,(anonymous_2)
FN:35,(anonymous_3)
FN:58,(anonymous_4)
FNF:5
FNH:5
FNDA:11,(anonymous_0)
FNDA:7,(anonymous_1)
FNDA:6,(anonymous_2)
FNDA:5,(anonymous_3)
FNDA:2,(anonymous_4)
DA:6,1
DA:7,11
DA:8,11
DA:9,11
DA:10,11
DA:12,11
DA:13,7
DA:15,11
DA:16,6
DA:17,6
DA:20,5
DA:21,5
DA:23,1
DA:27,11
DA:36,5
DA:59,2
LF:16
LH:16
BRDA:13,0,0,6
BRDA:13,0,1,1
BRDA:20,1,0,4
BRDA:20,1,1,1
BRDA:59,2,0,2
BRDA:59,2,1,1
BRF:6
BRH:6
end_of_record
TN:
SF:client/src/pages/ProductDetails.js
FN:7,(anonymous_0)
FN:14,(anonymous_1)
FN:18,(anonymous_2)
FN:30,(anonymous_3)
FN:75,(anonymous_4)
FN:98,(anonymous_5)
FNF:6
FNH:6
FNDA:15,(anonymous_0)
FNDA:9,(anonymous_1)
FNDA:8,(anonymous_2)
FNDA:7,(anonymous_3)
FNDA:5,(anonymous_4)
FNDA:2,(anonymous_5)
DA:7,1
DA:8,15
DA:9,15
DA:10,15
DA:11,15
DA:14,15
DA:15,9
DA:18,15
DA:19,8
DA:20,8
DA:23,7
DA:24,7
DA:26,1
DA:30,15
DA:31,7
DA:32,7
DA:35,5
DA:37,2
DA:40,15
DA:76,5
DA:98,2
LF:21
LH:21
BRDA:15,0,0,8
BRDA:15,0,1,1
BRDA:35,1,0,4
BRDA:35,1,1,1
BRDA:71,2,0,15
BRDA:71,2,1,12
BRDA:98,3,0,2
BRDA:98,3,1,1
BRF:8
BRH:8
end_of_record
